[09:26:46] Loading Whisper model 'small'...
[09:26:55] Model loaded on GPU (CUDA)
[09:27:06] Transcribing C:\Projets\meeting-ai-analyser\data\temp_segment.wav (lang=en)...
[09:27:09] Result: 'Um, so...'
[09:27:09] Transcribing C:\Projets\meeting-ai-analyser\data\temp_segment.wav (lang=en)...
[09:27:11] Result: 'We'll start with the apologies and I guess we have Hazel, everyone else seems to...' 
[09:27:19] Transcribing C:\Projets\meeting-ai-analyser\data\temp_segment.wav (lang=en)...
[09:27:21] Result: 'I had to leave the meeting at 1.30 to attend a future-proof meeting, so sorry ab...' 
[09:27:29] Transcribing C:\Projets\meeting-ai-analyser\data\temp_segment.wav (lang=en)...
[09:27:31] Result: 'Shall we include that in the motion as well? If someone would like to move, plea...' 
[09:27:40] Transcribing C:\Projets\meeting-ai-analyser\data\temp_segment.wav (lang=en)...
[09:27:41] Result: 'Susan, all in favour? Aye. Contrary no, it's carried. Disclosure of members' int...' 
[09:27:49] Transcribing C:\Projets\meeting-ai-analyser\data\temp_segment.wav (lang=en)...
[09:27:51] Result: 'No, I'll move on to item 4, late items. Any late items?'
[09:27:59] Transcribing C:\Projets\meeting-ai-analyser\data\temp_segment.wav (lang=en)...
[09:28:01] Result: 'No late items. So confirmation of order of meeting. No changes, Ken? No, I don't...' 
[09:28:09] Transcribing C:\Projets\meeting-ai-analyser\data\temp_segment.wav (lang=en)...
[09:28:11] Result: 'need for change. We do have a number of guests joining us at the meeting today, ...' 
[09:28:20] Transcribing C:\Projets\meeting-ai-analyser\data\temp_segment.wav (lang=en)...
[09:28:22] Result: 'Happy to move, Andrew. Graham. Thanks, Graham. A seconder? Second, Susan. Thanks...' 
[09:28:29] Transcribing C:\Projets\meeting-ai-analyser\data\temp_segment.wav (lang=en)...
[09:28:31] Result: 'If I look, please say aye. Aye. Entry no, carried. Okay, item six, which is conf...' 
[09:28:39] Transcribing C:\Projets\meeting-ai-analyser\data\temp_segment.wav (lang=en)...
[09:28:40] Result: 'minutes from 18 February, have we all, our tape nose is being read, anything?'
[09:28:50] Transcribing C:\Projets\meeting-ai-analyser\data\temp_segment.wav (lang=en)...
[09:28:51] Result: 'raised from those minutes. Andrew Graham speaking. My diary is showing me that I...' 
[09:29:00] Transcribing C:\Projets\meeting-ai-analyser\data\temp_segment.wav (lang=en)...
[09:29:01] Result: 'Yeah, I was going to bring that up too, so I think there's some mistakes. Thanks...' 
[09:29:10] Transcribing C:\Projets\meeting-ai-analyser\data\temp_segment.wav (lang=en)...
[09:29:11] Result: 'Yes, we'll make the changes. Thank you. Okay, so with that change, could I have ...' 
[09:29:19] Transcribing C:\Projets\meeting-ai-analyser\data\temp_segment.wav (lang=en)...
[09:29:22] Result: 'there's a true and correct recall please thank you Marcus seconder or seconder t...' 
[09:29:29] Transcribing C:\Projets\meeting-ai-analyser\data\temp_segment.wav (lang=en)...
[09:29:31] Result: 'carried. Thank you. Item 7, Jason. Has Jason joined us? He has. Hi, Jason.'
[09:29:39] Transcribing C:\Projets\meeting-ai-analyser\data\temp_segment.wav (lang=en)...
[09:29:41] Result: 'doing. Thank you. Great. The floor is yours. Okay, same. I don't think we hit as...' 
[09:29:49] Transcribing C:\Projets\meeting-ai-analyser\data\temp_segment.wav (lang=en)...
[09:29:51] Result: 'issues with trying to get the presentation, is that right? Oh no, Seema Shearing...' 
[09:29:54] Loading Whisper model 'small'...
[09:30:00] Model loaded on GPU (CUDA)
[09:30:09] Transcribing C:\Projets\meeting-ai-analyser\data\temp_segment.wav (lang=en)...
[09:30:11] Result: 'is a sector for tourism and particularly for...'
[09:30:14] Transcribing C:\Projets\meeting-ai-analyser\data\temp_segment.wav (lang=en)...
[09:30:16] Result: 'district. So a report has obviously been provided to you and prepared which was ...' 
[09:30:24] Transcribing C:\Projets\meeting-ai-analyser\data\temp_segment.wav (lang=en)...
[09:30:25] Result: '2019. As you would have seen, White Patistry Council was going through significa...' 
[09:30:34] Transcribing C:\Projets\meeting-ai-analyser\data\temp_segment.wav (lang=en)...
[09:30:36] Result: 'you were experiencing double digit growth pretty much through visitor expenditur...' 
[09:30:44] Transcribing C:\Projets\meeting-ai-analyser\data\temp_segment.wav (lang=en)...
[09:30:46] Result: 'in the dynamic given COVID and the impact for tourism, particularly as a sector....' 
[09:31:50] Transcribing C:\Projets\meeting-ai-analyser\data\temp_segment.wav (lang=en)...
[09:31:51] Result: 'Next slide Sam. Perfect. So just first a couple of'
[09:32:00] Transcribing C:\Projets\meeting-ai-analyser\data\temp_segment.wav (lang=en)...
[09:32:00] Result: ''
[10:20:35] Loading Whisper model 'small'...
[10:20:46] Model loaded on GPU (CUDA)
[10:25:56] Loading Whisper model 'small'...
[10:26:04] Model loaded on GPU (CUDA)
[10:30:57] Loading Whisper model 'small'...
[10:31:05] Model loaded on GPU (CUDA)
[10:31:14] Transcribing C:\Projets\meeting-ai-analyser\data\temp_segment.wav (lang=en)...
[10:31:19] Result: 'You'
[10:31:20] Transcribing C:\Projets\meeting-ai-analyser\data\temp_segment.wav (lang=en)...
[10:31:20] Result: ''
[10:31:30] Transcribing C:\Projets\meeting-ai-analyser\data\temp_segment.wav (lang=en)...
[10:31:30] Result: ''
[10:33:30] Loading Whisper model 'small'...
[10:33:35] Model loaded on GPU (CUDA)
[10:33:42] Transcribing C:\Projets\meeting-ai-analyser\data\temp_segment.wav (lang=en)...
[10:33:44] Result: ''
[10:33:49] Transcribing C:\Projets\meeting-ai-analyser\data\temp_segment.wav (lang=en)...
[10:33:50] Result: 'i'm not perfect but for you i do pretend i've been working two to ten that's a h...' 
[10:33:58] Transcribing C:\Projets\meeting-ai-analyser\data\temp_segment.wav (lang=en)...
[10:34:00] Result: 'oh wow now we're feeling like my time is finally here that's how i do that's how...' 
[10:34:09] Transcribing C:\Projets\meeting-ai-analyser\data\temp_segment.wav (lang=en)...
[10:34:11] Result: 'Like, like what's next, what's that, what's up? I just want you to know what's u...' 
